#
# There is insufficient memory for the Java Runtime Environment to continue.
# Native memory allocation (mmap) failed to map 65536 bytes for Failed to commit metaspace.
# Possible reasons:
#   The system is out of physical RAM or swap space
#   The process is running with CompressedOops enabled, and the Java Heap may be blocking the growth of the native heap
# Possible solutions:
#   Reduce memory load on the system
#   Increase physical memory or swap space
#   Check if swap backing store is full
#   Decrease Java heap size (-Xmx/-Xms)
#   Decrease number of Java threads
#   Decrease Java thread stack sizes (-Xss)
#   Set larger code cache with -XX:ReservedCodeCacheSize=
#   JVM is running with Unscaled Compressed Oops mode in which the Java heap is
#     placed in the first 4GB address space. The Java Heap base address is the
#     maximum limit for the native heap growth. Please use -XX:HeapBaseMinAddress
#     to set the Java Heap base and to place the Java Heap above 4GB virtual address.
# This output file may be truncated or incomplete.
#
#  Out of Memory Error (virtualSpaceNode.cpp:108), pid=6020, tid=2488
#
# JRE version: Java(TM) SE Runtime Environment (16.0.1+9) (build 16.0.1+9-24)
# Java VM: Java HotSpot(TM) 64-Bit Server VM (16.0.1+9-24, mixed mode, sharing, tiered, compressed oops, compressed class ptrs, g1 gc, windows-amd64)
# No core dump will be written. Minidumps are not enabled by default on client versions of Windows
#

---------------  S U M M A R Y ------------

Command Line: -Dcom.sun.management.jmxremote -Dcom.sun.management.jmxremote.port=64596 -Dcom.sun.management.jmxremote.authenticate=false -Dcom.sun.management.jmxremote.ssl=false -Djava.rmi.server.hostname=localhost -Dspring.jmx.enabled=true -Dspring.application.admin.enabled=true -XX:TieredStopAtLevel=1 -Dspring.boot.project.name=Foody -Dfile.encoding=UTF-8 -XX:+ShowCodeDetailsInExceptionMessages com.example.demo.FoodyApplication

Host: Intel(R) Core(TM) i5-6200U CPU @ 2.30GHz, 4 cores, 7G,  Windows 10 , 64 bit Build 18362 (10.0.18362.1350)
Time: Sat Jun  5 17:31:36 2021 India Standard Time elapsed time: 2.156911 seconds (0d 0h 0m 2s)

---------------  T H R E A D  ---------------

Current thread (0x0000017fbfad9b20):  JavaThread "background-preinit" [_thread_in_vm, id=2488, stack(0x0000006905800000,0x0000006905900000)]

Stack: [0x0000006905800000,0x0000006905900000]
Native frames: (J=compiled Java code, j=interpreted, Vv=VM code, C=native code)
V  [jvm.dll+0x6687ca]
V  [jvm.dll+0x7ca3c9]
V  [jvm.dll+0x7cbb53]
V  [jvm.dll+0x7cc1b3]
V  [jvm.dll+0x242ea5]
V  [jvm.dll+0x7c6a4b]
V  [jvm.dll+0x60e436]
V  [jvm.dll+0x1be93e]
V  [jvm.dll+0x610b91]
V  [jvm.dll+0x60ed31]
V  [jvm.dll+0x238690]
V  [jvm.dll+0x1ea53f]
V  [jvm.dll+0x1df8a1]
V  [jvm.dll+0x536728]
V  [jvm.dll+0x743011]
V  [jvm.dll+0x40775f]
V  [jvm.dll+0x40da82]
C  [java.dll+0x17c8]

Java frames: (J=compiled Java code, j=interpreted, Vv=VM code)
J 1221  java.lang.ClassLoader.defineClass1(Ljava/lang/ClassLoader;Ljava/lang/String;[BIILjava/security/ProtectionDomain;Ljava/lang/String;)Ljava/lang/Class; java.base@16.0.1 (0 bytes) @ 0x0000017fa8c8ae8b [0x0000017fa8c8adc0+0x00000000000000cb]
J 1427 c1 java.lang.ClassLoader.defineClass(Ljava/lang/String;[BIILjava/security/ProtectionDomain;)Ljava/lang/Class; java.base@16.0.1 (43 bytes) @ 0x0000017fa8ce06dc [0x0000017fa8ce05e0+0x00000000000000fc]
J 1260 c1 jdk.internal.loader.BuiltinClassLoader.defineClass(Ljava/lang/String;Ljdk/internal/loader/Resource;)Ljava/lang/Class; java.base@16.0.1 (121 bytes) @ 0x0000017fa8c9ee64 [0x0000017fa8c9e9a0+0x00000000000004c4]
J 1382 c1 jdk.internal.loader.BuiltinClassLoader.findClassOnClassPathOrNull(Ljava/lang/String;)Ljava/lang/Class; java.base@16.0.1 (64 bytes) @ 0x0000017fa8cd1fdc [0x0000017fa8cd1d20+0x00000000000002bc]
J 984 c1 jdk.internal.loader.BuiltinClassLoader.loadClassOrNull(Ljava/lang/String;Z)Ljava/lang/Class; java.base@16.0.1 (143 bytes) @ 0x0000017fa8c28514 [0x0000017fa8c280a0+0x0000000000000474]
J 1167 c1 jdk.internal.loader.ClassLoaders$AppClassLoader.loadClass(Ljava/lang/String;Z)Ljava/lang/Class; java.base@16.0.1 (40 bytes) @ 0x0000017fa8c75d44 [0x0000017fa8c75c00+0x0000000000000144]
J 1155 c1 java.lang.ClassLoader.loadClass(Ljava/lang/String;)Ljava/lang/Class; java.base@16.0.1 (7 bytes) @ 0x0000017fa8c71304 [0x0000017fa8c712c0+0x0000000000000044]
v  ~StubRoutines::call_stub
j  com.fasterxml.jackson.databind.ObjectMapper.<init>(Lcom/fasterxml/jackson/core/JsonFactory;Lcom/fasterxml/jackson/databind/ser/DefaultSerializerProvider;Lcom/fasterxml/jackson/databind/deser/DefaultDeserializationContext;)V+250
j  com.fasterxml.jackson.databind.ObjectMapper.<init>()V+4
j  org.springframework.http.converter.json.Jackson2ObjectMapperBuilder.build()Lcom/fasterxml/jackson/databind/ObjectMapper;+83
j  org.springframework.http.converter.json.MappingJackson2HttpMessageConverter.<init>()V+4
j  org.springframework.http.converter.support.AllEncompassingFormHttpMessageConverter.<init>()V+59
j  org.springframework.boot.autoconfigure.BackgroundPreinitializer$MessageConverterInitializer.run()V+4
j  org.springframework.boot.autoconfigure.BackgroundPreinitializer$1.runSafely(Ljava/lang/Runnable;)V+1
j  org.springframework.boot.autoconfigure.BackgroundPreinitializer$1.run()V+33
j  java.lang.Thread.run()V+11 java.base@16.0.1
v  ~StubRoutines::call_stub

---------------  P R O C E S S  ---------------

Threads class SMR info:
_java_thread_list=0x0000017fc09a3c60, length=22, elements={
0x0000017fa0cc00b0, 0x0000017fbe3fe300, 0x0000017fbe3ffe80, 0x0000017fbe410820,
0x0000017fbe415160, 0x0000017fbe416d00, 0x0000017fbe419230, 0x0000017fbe41fed0,
0x0000017fbe451ab0, 0x0000017fbe419780, 0x0000017fbe416260, 0x0000017fbe418ce0,
0x0000017fbe417250, 0x0000017fbe4167b0, 0x0000017fbe4177a0, 0x0000017fbe417cf0,
0x0000017fbe418240, 0x0000017fbe418790, 0x0000017fbfaddae0, 0x0000017fbfad6600,
0x0000017fbfad9b20, 0x0000017fbfad6b50
}

Java Threads: ( => current thread )
  0x0000017fa0cc00b0 JavaThread "main" [_thread_blocked, id=13504, stack(0x0000006903800000,0x0000006903900000)]
  0x0000017fbe3fe300 JavaThread "Reference Handler" daemon [_thread_blocked, id=15980, stack(0x0000006903f00000,0x0000006904000000)]
  0x0000017fbe3ffe80 JavaThread "Finalizer" daemon [_thread_blocked, id=8800, stack(0x0000006904000000,0x0000006904100000)]
  0x0000017fbe410820 JavaThread "Signal Dispatcher" daemon [_thread_blocked, id=3996, stack(0x0000006904100000,0x0000006904200000)]
  0x0000017fbe415160 JavaThread "Attach Listener" daemon [_thread_blocked, id=17632, stack(0x0000006904200000,0x0000006904300000)]
  0x0000017fbe416d00 JavaThread "Service Thread" daemon [_thread_blocked, id=7332, stack(0x0000006904300000,0x0000006904400000)]
  0x0000017fbe419230 JavaThread "Monitor Deflation Thread" daemon [_thread_blocked, id=1772, stack(0x0000006904400000,0x0000006904500000)]
  0x0000017fbe41fed0 JavaThread "C1 CompilerThread0" daemon [_thread_blocked, id=2924, stack(0x0000006904500000,0x0000006904600000)]
  0x0000017fbe451ab0 JavaThread "Sweeper thread" daemon [_thread_blocked, id=1548, stack(0x0000006904600000,0x0000006904700000)]
  0x0000017fbe419780 JavaThread "Common-Cleaner" daemon [_thread_blocked, id=14288, stack(0x0000006904700000,0x0000006904800000)]
  0x0000017fbe416260 JavaThread "Notification Thread" daemon [_thread_blocked, id=12328, stack(0x0000006904800000,0x0000006904900000)]
  0x0000017fbe418ce0 JavaThread "RMI TCP Accept-0" daemon [_thread_in_native, id=5448, stack(0x0000006904900000,0x0000006904a00000)]
  0x0000017fbe417250 JavaThread "RMI TCP Accept-64596" daemon [_thread_in_native, id=9724, stack(0x0000006904a00000,0x0000006904b00000)]
  0x0000017fbe4167b0 JavaThread "RMI TCP Accept-0" daemon [_thread_in_native, id=9356, stack(0x0000006904b00000,0x0000006904c00000)]
  0x0000017fbe4177a0 JavaThread "RMI TCP Connection(1)-127.0.0.1" daemon [_thread_in_native, id=18060, stack(0x0000006905200000,0x0000006905300000)]
  0x0000017fbe417cf0 JavaThread "RMI Scheduler(0)" daemon [_thread_blocked, id=17600, stack(0x0000006905300000,0x0000006905400000)]
  0x0000017fbe418240 JavaThread "RMI TCP Connection(2)-127.0.0.1" daemon [_thread_in_native, id=7924, stack(0x0000006905400000,0x0000006905500000)]
  0x0000017fbe418790 JavaThread "JMX server connection timeout 21" daemon [_thread_blocked, id=10976, stack(0x0000006905500000,0x0000006905600000)]
  0x0000017fbfaddae0 JavaThread "Thread-0" [_thread_blocked, id=17732, stack(0x0000006905600000,0x0000006905700000)]
  0x0000017fbfad6600 JavaThread "restartedMain" [_thread_in_vm, id=16248, stack(0x0000006905700000,0x0000006905800000)]
=>0x0000017fbfad9b20 JavaThread "background-preinit" [_thread_in_vm, id=2488, stack(0x0000006905800000,0x0000006905900000)]
  0x0000017fbfad6b50 JavaThread "Thread-4" [_thread_blocked, id=11460, stack(0x0000006905900000,0x0000006905a00000)]

Other Threads:
  0x0000017fbe3fa000 VMThread "VM Thread" [stack: 0x0000006903e00000,0x0000006903f00000] [id=1240]
  0x0000017fa0cc0d60 WatcherThread [stack: 0x0000006904c00000,0x0000006904d00000] [id=11280]
  0x0000017fa0d000a0 GCTaskThread "GC Thread#0" [stack: 0x0000006903900000,0x0000006903a00000] [id=16612]
  0x0000017fbf75bd10 GCTaskThread "GC Thread#1" [stack: 0x0000006904d00000,0x0000006904e00000] [id=3228]
  0x0000017fbf75e030 GCTaskThread "GC Thread#2" [stack: 0x0000006904e00000,0x0000006904f00000] [id=14788]
  0x0000017fbf789c90 GCTaskThread "GC Thread#3" [stack: 0x0000006904f00000,0x0000006905000000] [id=15584]
  0x0000017fa0d11450 ConcurrentGCThread "G1 Main Marker" [stack: 0x0000006903a00000,0x0000006903b00000] [id=5208]
  0x0000017fa0d11e50 ConcurrentGCThread "G1 Conc#0" [stack: 0x0000006903b00000,0x0000006903c00000] [id=17468]
  0x0000017fbe2b0090 ConcurrentGCThread "G1 Refine#0" [stack: 0x0000006903c00000,0x0000006903d00000] [id=3088]
  0x0000017fbf0bb490 ConcurrentGCThread "G1 Refine#1" [stack: 0x0000006905000000,0x0000006905100000] [id=15460]
  0x0000017fbf0bb7d0 ConcurrentGCThread "G1 Refine#2" [stack: 0x0000006905100000,0x0000006905200000] [id=6208]
  0x0000017fbe2b1ab0 ConcurrentGCThread "G1 Service" [stack: 0x0000006903d00000,0x0000006903e00000] [id=13336]

Threads with active compile tasks:

VM state: not at safepoint (normal execution)

VM Mutex/Monitor currently owned by a thread:  ([mutex/lock_event])
[0x0000017fa0cbb1e0] MetaspaceExpand_lock - owner thread: 0x0000017fbfad9b20

Heap address: 0x0000000081a00000, size: 2022 MB, Compressed Oops mode: 32-bit

CDS archive(s) mapped at: [0x0000000800000000-0x0000000800bb0000-0x0000000800bb0000), size 12255232, SharedBaseAddress: 0x0000000800000000, ArchiveRelocationMode: 0.
Compressed class space mapped at: 0x0000000800c00000-0x0000000840c00000, reserved size: 1073741824
Narrow klass base: 0x0000000800000000, Narrow klass shift: 3, Narrow klass range: 0x100000000

GC Precious Log:
 CPUs: 4 total, 4 available
 Memory: 8083M
 Large Page Support: Disabled
 NUMA Support: Disabled
 Compressed Oops: Enabled (32-bit)
 Heap Region Size: 1M
 Heap Min Capacity: 8M
 Heap Initial Capacity: 128M
 Heap Max Capacity: 2022M
 Pre-touch: Disabled
 Parallel Workers: 4
 Concurrent Workers: 1
 Concurrent Refinement Workers: 4
 Periodic GC: Disabled

Heap:
 garbage-first heap   total 131072K, used 53956K [0x0000000081a00000, 0x0000000100000000)
  region size 1024K, 48 young (49152K), 5 survivors (5120K)
 Metaspace       used 19010K, committed 19264K, reserved 1073152K
  class space    used 2565K, committed 2688K, reserved 1048576K

Heap Regions: E=young(eden), S=young(survivor), O=old, HS=humongous(starts), HC=humongous(continues), CS=collection set, F=free, OA=open archive, CA=closed archive, TAMS=top-at-mark-start (previous, next)
|   0|0x0000000081a00000, 0x0000000081b00000, 0x0000000081b00000|100%|HS|  |TAMS 0x0000000081a00000, 0x0000000081a00000| Complete 
|   1|0x0000000081b00000, 0x0000000081c00000, 0x0000000081c00000|100%| O|  |TAMS 0x0000000081b00000, 0x0000000081b00000| Untracked 
|   2|0x0000000081c00000, 0x0000000081d00000, 0x0000000081d00000|100%| O|  |TAMS 0x0000000081c00000, 0x0000000081c00000| Untracked 
|   3|0x0000000081d00000, 0x0000000081e00000, 0x0000000081e00000|100%| O|  |TAMS 0x0000000081d00000, 0x0000000081d00000| Untracked 
|   4|0x0000000081e00000, 0x0000000081f00000, 0x0000000081f00000|100%| O|  |TAMS 0x0000000081e00000, 0x0000000081e00000| Untracked 
|   5|0x0000000081f00000, 0x0000000082000000, 0x0000000082000000|100%| O|  |TAMS 0x0000000081f00000, 0x0000000081f00000| Untracked 
|   6|0x0000000082000000, 0x0000000082100000, 0x0000000082100000|100%| O|  |TAMS 0x0000000082000000, 0x0000000082000000| Untracked 
|   7|0x0000000082100000, 0x0000000082116c00, 0x0000000082200000|  8%| O|  |TAMS 0x0000000082100000, 0x0000000082100000| Untracked 
|   8|0x0000000082200000, 0x0000000082200000, 0x0000000082300000|  0%| F|  |TAMS 0x0000000082200000, 0x0000000082200000| Untracked 
|   9|0x0000000082300000, 0x0000000082300000, 0x0000000082400000|  0%| F|  |TAMS 0x0000000082300000, 0x0000000082300000| Untracked 
|  10|0x0000000082400000, 0x0000000082400000, 0x0000000082500000|  0%| F|  |TAMS 0x0000000082400000, 0x0000000082400000| Untracked 
|  11|0x0000000082500000, 0x0000000082500000, 0x0000000082600000|  0%| F|  |TAMS 0x0000000082500000, 0x0000000082500000| Untracked 
|  12|0x0000000082600000, 0x0000000082600000, 0x0000000082700000|  0%| F|  |TAMS 0x0000000082600000, 0x0000000082600000| Untracked 
|  13|0x0000000082700000, 0x0000000082700000, 0x0000000082800000|  0%| F|  |TAMS 0x0000000082700000, 0x0000000082700000| Untracked 
|  14|0x0000000082800000, 0x0000000082800000, 0x0000000082900000|  0%| F|  |TAMS 0x0000000082800000, 0x0000000082800000| Untracked 
|  15|0x0000000082900000, 0x0000000082900000, 0x0000000082a00000|  0%| F|  |TAMS 0x0000000082900000, 0x0000000082900000| Untracked 
|  16|0x0000000082a00000, 0x0000000082a00000, 0x0000000082b00000|  0%| F|  |TAMS 0x0000000082a00000, 0x0000000082a00000| Untracked 
|  17|0x0000000082b00000, 0x0000000082b00000, 0x0000000082c00000|  0%| F|  |TAMS 0x0000000082b00000, 0x0000000082b00000| Untracked 
|  18|0x0000000082c00000, 0x0000000082c00000, 0x0000000082d00000|  0%| F|  |TAMS 0x0000000082c00000, 0x0000000082c00000| Untracked 
|  19|0x0000000082d00000, 0x0000000082d00000, 0x0000000082e00000|  0%| F|  |TAMS 0x0000000082d00000, 0x0000000082d00000| Untracked 
|  20|0x0000000082e00000, 0x0000000082e00000, 0x0000000082f00000|  0%| F|  |TAMS 0x0000000082e00000, 0x0000000082e00000| Untracked 
|  21|0x0000000082f00000, 0x0000000082f00000, 0x0000000083000000|  0%| F|  |TAMS 0x0000000082f00000, 0x0000000082f00000| Untracked 
|  22|0x0000000083000000, 0x0000000083000000, 0x0000000083100000|  0%| F|  |TAMS 0x0000000083000000, 0x0000000083000000| Untracked 
|  23|0x0000000083100000, 0x0000000083100000, 0x0000000083200000|  0%| F|  |TAMS 0x0000000083100000, 0x0000000083100000| Untracked 
|  24|0x0000000083200000, 0x0000000083200000, 0x0000000083300000|  0%| F|  |TAMS 0x0000000083200000, 0x0000000083200000| Untracked 
|  25|0x0000000083300000, 0x0000000083300000, 0x0000000083400000|  0%| F|  |TAMS 0x0000000083300000, 0x0000000083300000| Untracked 
|  26|0x0000000083400000, 0x0000000083400000, 0x0000000083500000|  0%| F|  |TAMS 0x0000000083400000, 0x0000000083400000| Untracked 
|  27|0x0000000083500000, 0x0000000083500000, 0x0000000083600000|  0%| F|  |TAMS 0x0000000083500000, 0x0000000083500000| Untracked 
|  28|0x0000000083600000, 0x0000000083600000, 0x0000000083700000|  0%| F|  |TAMS 0x0000000083600000, 0x0000000083600000| Untracked 
|  29|0x0000000083700000, 0x0000000083700000, 0x0000000083800000|  0%| F|  |TAMS 0x0000000083700000, 0x0000000083700000| Untracked 
|  30|0x0000000083800000, 0x0000000083800000, 0x0000000083900000|  0%| F|  |TAMS 0x0000000083800000, 0x0000000083800000| Untracked 
|  31|0x0000000083900000, 0x0000000083900000, 0x0000000083a00000|  0%| F|  |TAMS 0x0000000083900000, 0x0000000083900000| Untracked 
|  32|0x0000000083a00000, 0x0000000083a00000, 0x0000000083b00000|  0%| F|  |TAMS 0x0000000083a00000, 0x0000000083a00000| Untracked 
|  33|0x0000000083b00000, 0x0000000083b00000, 0x0000000083c00000|  0%| F|  |TAMS 0x0000000083b00000, 0x0000000083b00000| Untracked 
|  34|0x0000000083c00000, 0x0000000083c00000, 0x0000000083d00000|  0%| F|  |TAMS 0x0000000083c00000, 0x0000000083c00000| Untracked 
|  35|0x0000000083d00000, 0x0000000083d00000, 0x0000000083e00000|  0%| F|  |TAMS 0x0000000083d00000, 0x0000000083d00000| Untracked 
|  36|0x0000000083e00000, 0x0000000083e00000, 0x0000000083f00000|  0%| F|  |TAMS 0x0000000083e00000, 0x0000000083e00000| Untracked 
|  37|0x0000000083f00000, 0x0000000083f00000, 0x0000000084000000|  0%| F|  |TAMS 0x0000000083f00000, 0x0000000083f00000| Untracked 
|  38|0x0000000084000000, 0x0000000084000000, 0x0000000084100000|  0%| F|  |TAMS 0x0000000084000000, 0x0000000084000000| Untracked 
|  39|0x0000000084100000, 0x0000000084100000, 0x0000000084200000|  0%| F|  |TAMS 0x0000000084100000, 0x0000000084100000| Untracked 
|  40|0x0000000084200000, 0x0000000084200000, 0x0000000084300000|  0%| F|  |TAMS 0x0000000084200000, 0x0000000084200000| Untracked 
|  41|0x0000000084300000, 0x0000000084300000, 0x0000000084400000|  0%| F|  |TAMS 0x0000000084300000, 0x0000000084300000| Untracked 
|  42|0x0000000084400000, 0x0000000084400000, 0x0000000084500000|  0%| F|  |TAMS 0x0000000084400000, 0x0000000084400000| Untracked 
|  43|0x0000000084500000, 0x0000000084500000, 0x0000000084600000|  0%| F|  |TAMS 0x0000000084500000, 0x0000000084500000| Untracked 
|  44|0x0000000084600000, 0x0000000084600000, 0x0000000084700000|  0%| F|  |TAMS 0x0000000084600000, 0x0000000084600000| Untracked 
|  45|0x0000000084700000, 0x0000000084700000, 0x0000000084800000|  0%| F|  |TAMS 0x0000000084700000, 0x0000000084700000| Untracked 
|  46|0x0000000084800000, 0x0000000084800000, 0x0000000084900000|  0%| F|  |TAMS 0x0000000084800000, 0x0000000084800000| Untracked 
|  47|0x0000000084900000, 0x000000008499a518, 0x0000000084a00000| 60%| S|CS|TAMS 0x0000000084900000, 0x0000000084900000| Complete 
|  48|0x0000000084a00000, 0x0000000084b00000, 0x0000000084b00000|100%| S|CS|TAMS 0x0000000084a00000, 0x0000000084a00000| Complete 
|  49|0x0000000084b00000, 0x0000000084c00000, 0x0000000084c00000|100%| S|CS|TAMS 0x0000000084b00000, 0x0000000084b00000| Complete 
|  50|0x0000000084c00000, 0x0000000084d00000, 0x0000000084d00000|100%| S|CS|TAMS 0x0000000084c00000, 0x0000000084c00000| Complete 
|  51|0x0000000084d00000, 0x0000000084e00000, 0x0000000084e00000|100%| S|CS|TAMS 0x0000000084d00000, 0x0000000084d00000| Complete 
|  52|0x0000000084e00000, 0x0000000084e00000, 0x0000000084f00000|  0%| F|  |TAMS 0x0000000084e00000, 0x0000000084e00000| Untracked 
|  53|0x0000000084f00000, 0x0000000084f00000, 0x0000000085000000|  0%| F|  |TAMS 0x0000000084f00000, 0x0000000084f00000| Untracked 
|  54|0x0000000085000000, 0x0000000085000000, 0x0000000085100000|  0%| F|  |TAMS 0x0000000085000000, 0x0000000085000000| Untracked 
|  55|0x0000000085100000, 0x0000000085100000, 0x0000000085200000|  0%| F|  |TAMS 0x0000000085100000, 0x0000000085100000| Untracked 
|  56|0x0000000085200000, 0x0000000085200000, 0x0000000085300000|  0%| F|  |TAMS 0x0000000085200000, 0x0000000085200000| Untracked 
|  57|0x0000000085300000, 0x0000000085300000, 0x0000000085400000|  0%| F|  |TAMS 0x0000000085300000, 0x0000000085300000| Untracked 
|  58|0x0000000085400000, 0x0000000085400000, 0x0000000085500000|  0%| F|  |TAMS 0x0000000085400000, 0x0000000085400000| Untracked 
|  59|0x0000000085500000, 0x0000000085500000, 0x0000000085600000|  0%| F|  |TAMS 0x0000000085500000, 0x0000000085500000| Untracked 
|  60|0x0000000085600000, 0x0000000085600000, 0x0000000085700000|  0%| F|  |TAMS 0x0000000085600000, 0x0000000085600000| Untracked 
|  61|0x0000000085700000, 0x0000000085700000, 0x0000000085800000|  0%| F|  |TAMS 0x0000000085700000, 0x0000000085700000| Untracked 
|  62|0x0000000085800000, 0x0000000085800000, 0x0000000085900000|  0%| F|  |TAMS 0x0000000085800000, 0x0000000085800000| Untracked 
|  63|0x0000000085900000, 0x0000000085900000, 0x0000000085a00000|  0%| F|  |TAMS 0x0000000085900000, 0x0000000085900000| Untracked 
|  64|0x0000000085a00000, 0x0000000085a00000, 0x0000000085b00000|  0%| F|  |TAMS 0x0000000085a00000, 0x0000000085a00000| Untracked 
|  65|0x0000000085b00000, 0x0000000085b00000, 0x0000000085c00000|  0%| F|  |TAMS 0x0000000085b00000, 0x0000000085b00000| Untracked 
|  66|0x0000000085c00000, 0x0000000085c00000, 0x0000000085d00000|  0%| F|  |TAMS 0x0000000085c00000, 0x0000000085c00000| Untracked 
|  67|0x0000000085d00000, 0x0000000085d00000, 0x0000000085e00000|  0%| F|  |TAMS 0x0000000085d00000, 0x0000000085d00000| Untracked 
|  68|0x0000000085e00000, 0x0000000085e00000, 0x0000000085f00000|  0%| F|  |TAMS 0x0000000085e00000, 0x0000000085e00000| Untracked 
|  69|0x0000000085f00000, 0x0000000085f00000, 0x0000000086000000|  0%| F|  |TAMS 0x0000000085f00000, 0x0000000085f00000| Untracked 
|  70|0x0000000086000000, 0x0000000086000000, 0x0000000086100000|  0%| F|  |TAMS 0x0000000086000000, 0x0000000086000000| Untracked 
|  71|0x0000000086100000, 0x0000000086100000, 0x0000000086200000|  0%| F|  |TAMS 0x0000000086100000, 0x0000000086100000| Untracked 
|  72|0x0000000086200000, 0x0000000086200000, 0x0000000086300000|  0%| F|  |TAMS 0x0000000086200000, 0x0000000086200000| Untracked 
|  73|0x0000000086300000, 0x0000000086300000, 0x0000000086400000|  0%| F|  |TAMS 0x0000000086300000, 0x0000000086300000| Untracked 
|  74|0x0000000086400000, 0x0000000086400000, 0x0000000086500000|  0%| F|  |TAMS 0x0000000086400000, 0x0000000086400000| Untracked 
|  75|0x0000000086500000, 0x0000000086500000, 0x0000000086600000|  0%| F|  |TAMS 0x0000000086500000, 0x0000000086500000| Untracked 
|  76|0x0000000086600000, 0x0000000086600000, 0x0000000086700000|  0%| F|  |TAMS 0x0000000086600000, 0x0000000086600000| Untracked 
|  77|0x0000000086700000, 0x0000000086700000, 0x0000000086800000|  0%| F|  |TAMS 0x0000000086700000, 0x0000000086700000| Untracked 
|  78|0x0000000086800000, 0x0000000086800000, 0x0000000086900000|  0%| F|  |TAMS 0x0000000086800000, 0x0000000086800000| Untracked 
|  79|0x0000000086900000, 0x0000000086900000, 0x0000000086a00000|  0%| F|  |TAMS 0x0000000086900000, 0x0000000086900000| Untracked 
|  80|0x0000000086a00000, 0x0000000086a00000, 0x0000000086b00000|  0%| F|  |TAMS 0x0000000086a00000, 0x0000000086a00000| Untracked 
|  81|0x0000000086b00000, 0x0000000086b00000, 0x0000000086c00000|  0%| F|  |TAMS 0x0000000086b00000, 0x0000000086b00000| Untracked 
|  82|0x0000000086c00000, 0x0000000086c00000, 0x0000000086d00000|  0%| F|  |TAMS 0x0000000086c00000, 0x0000000086c00000| Untracked 
|  83|0x0000000086d00000, 0x0000000086d00000, 0x0000000086e00000|  0%| F|  |TAMS 0x0000000086d00000, 0x0000000086d00000| Untracked 
|  84|0x0000000086e00000, 0x0000000086e00000, 0x0000000086f00000|  0%| F|  |TAMS 0x0000000086e00000, 0x0000000086e00000| Untracked 
|  85|0x0000000086f00000, 0x0000000086f53d20, 0x0000000087000000| 32%| E|  |TAMS 0x0000000086f00000, 0x0000000086f00000| Complete 
|  86|0x0000000087000000, 0x0000000087100000, 0x0000000087100000|100%| E|CS|TAMS 0x0000000087000000, 0x0000000087000000| Complete 
|  87|0x0000000087100000, 0x0000000087200000, 0x0000000087200000|100%| E|CS|TAMS 0x0000000087100000, 0x0000000087100000| Complete 
|  88|0x0000000087200000, 0x0000000087300000, 0x0000000087300000|100%| E|CS|TAMS 0x0000000087200000, 0x0000000087200000| Complete 
|  89|0x0000000087300000, 0x0000000087400000, 0x0000000087400000|100%| E|CS|TAMS 0x0000000087300000, 0x0000000087300000| Complete 
|  90|0x0000000087400000, 0x0000000087500000, 0x0000000087500000|100%| E|CS|TAMS 0x0000000087400000, 0x0000000087400000| Complete 
|  91|0x0000000087500000, 0x0000000087600000, 0x0000000087600000|100%| E|  |TAMS 0x0000000087500000, 0x0000000087500000| Complete 
|  92|0x0000000087600000, 0x0000000087700000, 0x0000000087700000|100%| E|CS|TAMS 0x0000000087600000, 0x0000000087600000| Complete 
|  93|0x0000000087700000, 0x0000000087800000, 0x0000000087800000|100%| E|CS|TAMS 0x0000000087700000, 0x0000000087700000| Complete 
|  94|0x0000000087800000, 0x0000000087900000, 0x0000000087900000|100%| E|CS|TAMS 0x0000000087800000, 0x0000000087800000| Complete 
|  95|0x0000000087900000, 0x0000000087a00000, 0x0000000087a00000|100%| E|CS|TAMS 0x0000000087900000, 0x0000000087900000| Complete 
|  96|0x0000000087a00000, 0x0000000087b00000, 0x0000000087b00000|100%| E|CS|TAMS 0x0000000087a00000, 0x0000000087a00000| Complete 
|  97|0x0000000087b00000, 0x0000000087c00000, 0x0000000087c00000|100%| E|CS|TAMS 0x0000000087b00000, 0x0000000087b00000| Complete 
|  98|0x0000000087c00000, 0x0000000087d00000, 0x0000000087d00000|100%| E|CS|TAMS 0x0000000087c00000, 0x0000000087c00000| Complete 
|  99|0x0000000087d00000, 0x0000000087e00000, 0x0000000087e00000|100%| E|CS|TAMS 0x0000000087d00000, 0x0000000087d00000| Complete 
| 100|0x0000000087e00000, 0x0000000087f00000, 0x0000000087f00000|100%| E|CS|TAMS 0x0000000087e00000, 0x0000000087e00000| Complete 
| 101|0x0000000087f00000, 0x0000000088000000, 0x0000000088000000|100%| E|CS|TAMS 0x0000000087f00000, 0x0000000087f00000| Complete 
| 102|0x0000000088000000, 0x0000000088100000, 0x0000000088100000|100%| E|CS|TAMS 0x0000000088000000, 0x0000000088000000| Complete 
| 103|0x0000000088100000, 0x0000000088200000, 0x0000000088200000|100%| E|CS|TAMS 0x0000000088100000, 0x0000000088100000| Complete 
| 104|0x0000000088200000, 0x0000000088300000, 0x0000000088300000|100%| E|CS|TAMS 0x0000000088200000, 0x0000000088200000| Complete 
| 105|0x0000000088300000, 0x0000000088400000, 0x0000000088400000|100%| E|CS|TAMS 0x0000000088300000, 0x0000000088300000| Complete 
| 106|0x0000000088400000, 0x0000000088500000, 0x0000000088500000|100%| E|CS|TAMS 0x0000000088400000, 0x0000000088400000| Complete 
| 107|0x0000000088500000, 0x0000000088600000, 0x0000000088600000|100%| E|CS|TAMS 0x0000000088500000, 0x0000000088500000| Complete 
| 108|0x0000000088600000, 0x0000000088700000, 0x0000000088700000|100%| E|CS|TAMS 0x0000000088600000, 0x0000000088600000| Complete 
| 109|0x0000000088700000, 0x0000000088800000, 0x0000000088800000|100%| E|CS|TAMS 0x0000000088700000, 0x0000000088700000| Complete 
| 110|0x0000000088800000, 0x0000000088900000, 0x0000000088900000|100%| E|CS|TAMS 0x0000000088800000, 0x0000000088800000| Complete 
| 111|0x0000000088900000, 0x0000000088a00000, 0x0000000088a00000|100%| E|CS|TAMS 0x0000000088900000, 0x0000000088900000| Complete 
| 112|0x0000000088a00000, 0x0000000088b00000, 0x0000000088b00000|100%| E|CS|TAMS 0x0000000088a00000, 0x0000000088a00000| Complete 
| 113|0x0000000088b00000, 0x0000000088c00000, 0x0000000088c00000|100%| E|CS|TAMS 0x0000000088b00000, 0x0000000088b00000| Complete 
| 114|0x0000000088c00000, 0x0000000088d00000, 0x0000000088d00000|100%| E|CS|TAMS 0x0000000088c00000, 0x0000000088c00000| Complete 
| 115|0x0000000088d00000, 0x0000000088e00000, 0x0000000088e00000|100%| E|CS|TAMS 0x0000000088d00000, 0x0000000088d00000| Complete 
| 116|0x0000000088e00000, 0x0000000088f00000, 0x0000000088f00000|100%| E|CS|TAMS 0x0000000088e00000, 0x0000000088e00000| Complete 
| 117|0x0000000088f00000, 0x0000000089000000, 0x0000000089000000|100%| E|CS|TAMS 0x0000000088f00000, 0x0000000088f00000| Complete 
| 118|0x0000000089000000, 0x0000000089100000, 0x0000000089100000|100%| E|CS|TAMS 0x0000000089000000, 0x0000000089000000| Complete 
| 119|0x0000000089100000, 0x0000000089200000, 0x0000000089200000|100%| E|CS|TAMS 0x0000000089100000, 0x0000000089100000| Complete 
| 120|0x0000000089200000, 0x0000000089300000, 0x0000000089300000|100%| E|CS|TAMS 0x0000000089200000, 0x0000000089200000| Complete 
| 121|0x0000000089300000, 0x0000000089400000, 0x0000000089400000|100%| E|CS|TAMS 0x0000000089300000, 0x0000000089300000| Complete 
| 122|0x0000000089400000, 0x0000000089500000, 0x0000000089500000|100%| E|CS|TAMS 0x0000000089400000, 0x0000000089400000| Complete 
| 123|0x0000000089500000, 0x0000000089600000, 0x0000000089600000|100%| E|CS|TAMS 0x0000000089500000, 0x0000000089500000| Complete 
| 124|0x0000000089600000, 0x0000000089700000, 0x0000000089700000|100%| E|CS|TAMS 0x0000000089600000, 0x0000000089600000| Complete 
| 125|0x0000000089700000, 0x0000000089800000, 0x0000000089800000|100%| E|CS|TAMS 0x0000000089700000, 0x0000000089700000| Complete 
| 126|0x0000000089800000, 0x0000000089900000, 0x0000000089900000|100%| E|CS|TAMS 0x0000000089800000, 0x0000000089800000| Complete 
| 127|0x0000000089900000, 0x0000000089a00000, 0x0000000089a00000|100%| E|CS|TAMS 0x0000000089900000, 0x0000000089900000| Complete 

Card table byte_map: [0x0000017fb7820000,0x0000017fb7c20000] _byte_map_base: 0x0000017fb7413000

Marking Bits (Prev, Next): (CMBitMap*) 0x0000017fa0d00620, (CMBitMap*) 0x0000017fa0d00660
 Prev Bits: [0x0000017fb8020000, 0x0000017fb9fb8000)
 Next Bits: [0x0000017fb9fc0000, 0x0000017fbbf58000)

Polling page: 0x0000017f9ee20000

Metaspace:

Usage:
  Non-class:     16.06 MB used.
      Class:      2.51 MB used.
       Both:     18.56 MB used.

Virtual space:
  Non-class space:       24.00 MB reserved,      16.19 MB ( 67%) committed,  3 nodes.
      Class space:        1.00 GB reserved,       2.63 MB ( <1%) committed,  1 nodes.
              Both:        1.02 GB reserved,      18.81 MB (  2%) committed. 

Chunk freelists:
   Non-Class:  3.48 MB
       Class:  1.20 MB
        Both:  4.69 MB

MaxMetaspaceSize: 17179869184.00 GB
CompressedClassSpaceSize: 1.00 GB
 - commit_granule_bytes: 65536.
 - commit_granule_words: 8192.
 - virtual_space_node_default_size: 1048576.
 - enlarge_chunks_in_place: 1.
 - new_chunks_are_fully_committed: 0.
 - uncommit_free_chunks: 1.
 - use_allocation_guard: 0.
 - handle_deallocations: 1.


Internal statistics:

num_allocs_failed_limit: 0.
num_arena_births: 312.
num_arena_deaths: 0.
num_vsnodes_births: 4.
num_vsnodes_deaths: 0.
num_space_committed: 301.
num_space_uncommitted: 0.
num_chunks_returned_to_freelist: 0.
num_chunks_taken_from_freelist: 846.
num_chunk_merges: 0.
num_chunk_splits: 603.
num_chunks_enlarged: 462.
num_purges: 0.

CodeHeap 'non-profiled nmethods': size=238912Kb used=3466Kb max_used=3466Kb free=235445Kb
 bounds [0x0000017fa8ad0000, 0x0000017fa8e40000, 0x0000017fb7420000]
CodeHeap 'non-nmethods': size=6848Kb used=1212Kb max_used=1212Kb free=5635Kb
 bounds [0x0000017fa8420000, 0x0000017fa8690000, 0x0000017fa8ad0000]
 total_blobs=2792 nmethods=2279 adapters=440
 compilation: enabled
              stopped_count=0, restarted_count=0
 full_count=0

Compilation events (20 events):
Event: 2.089 Thread 0x0000017fbe41fed0 2269       1       sun.util.locale.InternalLocaleBuilder::setExtensions (206 bytes)
Event: 2.090 Thread 0x0000017fbe41fed0 nmethod 2269 0x0000017fa8e2b510 code [0x0000017fa8e2b840, 0x0000017fa8e2c418]
Event: 2.090 Thread 0x0000017fbe41fed0 2270       1       sun.util.locale.LocaleUtils::caseIgnoreMatch (73 bytes)
Event: 2.091 Thread 0x0000017fbe41fed0 nmethod 2270 0x0000017fa8e2cb10 code [0x0000017fa8e2cd00, 0x0000017fa8e2d1f8]
Event: 2.091 Thread 0x0000017fbe41fed0 2271       1       sun.util.locale.BaseLocale$Key::equals (109 bytes)
Event: 2.092 Thread 0x0000017fbe41fed0 nmethod 2271 0x0000017fa8e2d610 code [0x0000017fa8e2d800, 0x0000017fa8e2dc98]
Event: 2.092 Thread 0x0000017fbe41fed0 2272       1       java.util.Locale::hasExtensions (13 bytes)
Event: 2.092 Thread 0x0000017fbe41fed0 nmethod 2272 0x0000017fa8e2df10 code [0x0000017fa8e2e0a0, 0x0000017fa8e2e178]
Event: 2.092 Thread 0x0000017fbe41fed0 2273       1       sun.util.locale.BaseLocale::equals (71 bytes)
Event: 2.092 Thread 0x0000017fbe41fed0 nmethod 2273 0x0000017fa8e2e210 code [0x0000017fa8e2e3c0, 0x0000017fa8e2e5d8]
Event: 2.092 Thread 0x0000017fbe41fed0 2274       1       java.util.Locale::stripExtensions (20 bytes)
Event: 2.092 Thread 0x0000017fbe41fed0 nmethod 2274 0x0000017fa8e2e690 code [0x0000017fa8e2e840, 0x0000017fa8e2e988]
Event: 2.092 Thread 0x0000017fbe41fed0 2275       1       java.util.Calendar::internalSet (8 bytes)
Event: 2.092 Thread 0x0000017fbe41fed0 nmethod 2275 0x0000017fa8e2ea10 code [0x0000017fa8e2eba0, 0x0000017fa8e2ec98]
Event: 2.111 Thread 0x0000017fbe41fed0 2276       1       java.lang.Character::isJavaIdentifierPart (5 bytes)
Event: 2.111 Thread 0x0000017fbe41fed0 nmethod 2276 0x0000017fa8e2ed90 code [0x0000017fa8e2ef40, 0x0000017fa8e2f038]
Event: 2.132 Thread 0x0000017fbe41fed0 2278       1       java.util.zip.ZipEntry::setExtra0 (493 bytes)
Event: 2.135 Thread 0x0000017fbe41fed0 nmethod 2278 0x0000017fa8e2f510 code [0x0000017fa8e2f7c0, 0x0000017fa8e31588]
Event: 2.146 Thread 0x0000017fbe41fed0 2279       1       java.lang.Package$VersionInfo::<init> (44 bytes)
Event: 2.146 Thread 0x0000017fbe41fed0 nmethod 2279 0x0000017fa8e32390 code [0x0000017fa8e32540, 0x0000017fa8e32898]

GC Heap History (8 events):
Event: 0.777 GC heap before
{Heap before GC invocations=0 (full 0):
 garbage-first heap   total 131072K, used 13312K [0x0000000081a00000, 0x0000000100000000)
  region size 1024K, 13 young (13312K), 0 survivors (0K)
 Metaspace       used 4227K, committed 4480K, reserved 1056768K
  class space    used 510K, committed 640K, reserved 1048576K
}
Event: 0.783 GC heap after
{Heap after GC invocations=1 (full 0):
 garbage-first heap   total 131072K, used 7100K [0x0000000081a00000, 0x0000000100000000)
  region size 1024K, 2 young (2048K), 2 survivors (2048K)
 Metaspace       used 4227K, committed 4480K, reserved 1056768K
  class space    used 510K, committed 640K, reserved 1048576K
}
Event: 1.010 GC heap before
{Heap before GC invocations=1 (full 0):
 garbage-first heap   total 131072K, used 16316K [0x0000000081a00000, 0x0000000100000000)
  region size 1024K, 12 young (12288K), 2 survivors (2048K)
 Metaspace       used 6864K, committed 7104K, reserved 1056768K
  class space    used 850K, committed 960K, reserved 1048576K
}
Event: 1.015 GC heap after
{Heap after GC invocations=2 (full 0):
 garbage-first heap   total 131072K, used 8589K [0x0000000081a00000, 0x0000000100000000)
  region size 1024K, 2 young (2048K), 2 survivors (2048K)
 Metaspace       used 6864K, committed 7104K, reserved 1056768K
  class space    used 850K, committed 960K, reserved 1048576K
}
Event: 1.083 GC heap before
{Heap before GC invocations=2 (full 0):
 garbage-first heap   total 131072K, used 27021K [0x0000000081a00000, 0x0000000100000000)
  region size 1024K, 21 young (21504K), 2 survivors (2048K)
 Metaspace       used 7398K, committed 7616K, reserved 1056768K
  class space    used 921K, committed 1024K, reserved 1048576K
}
Event: 1.086 GC heap after
{Heap after GC invocations=3 (full 0):
 garbage-first heap   total 131072K, used 8887K [0x0000000081a00000, 0x0000000100000000)
  region size 1024K, 2 young (2048K), 2 survivors (2048K)
 Metaspace       used 7398K, committed 7616K, reserved 1056768K
  class space    used 921K, committed 1024K, reserved 1048576K
}
Event: 1.997 GC heap before
{Heap before GC invocations=3 (full 0):
 garbage-first heap   total 131072K, used 83639K [0x0000000081a00000, 0x0000000100000000)
  region size 1024K, 76 young (77824K), 2 survivors (2048K)
 Metaspace       used 16733K, committed 17088K, reserved 1064960K
  class space    used 2348K, committed 2496K, reserved 1048576K
}
Event: 2.005 GC heap after
{Heap after GC invocations=4 (full 0):
 garbage-first heap   total 131072K, used 11972K [0x0000000081a00000, 0x0000000100000000)
  region size 1024K, 5 young (5120K), 5 survivors (5120K)
 Metaspace       used 16733K, committed 17088K, reserved 1064960K
  class space    used 2348K, committed 2496K, reserved 1048576K
}

Deoptimization events (0 events):
No events

Classes unloaded (0 events):
No events

Classes redefined (0 events):
No events

Internal exceptions (20 events):
Event: 1.441 Thread 0x0000017fbfad6600 Exception <a 'java/lang/NoSuchMethodError'{0x0000000087095930}: 'void java.lang.invoke.DirectMethodHandle$Holder.invokeVirtual(java.lang.Object, java.lang.Object, java.lang.Object, java.lang.Object)'> (0x0000000087095930) 
thrown [t:\workspace\open\src\hotspot\share\interpreter\linkResolver.cpp, line 790]
Event: 1.472 Thread 0x0000017fbfad6600 Exception <a 'java/lang/NoSuchMethodError'{0x0000000086e001a8}: 'void java.lang.invoke.DirectMethodHandle$Holder.invokeSpecial(java.lang.Object, java.lang.Object, java.lang.Object, java.lang.Object, java.lang.Object)'> (0x0000000086e001a8) 
thrown [t:\workspace\open\src\hotspot\share\interpreter\linkResolver.cpp, line 790]
Event: 1.583 Thread 0x0000017fbfad6600 Exception <a 'java/lang/NoSuchMethodError'{0x000000008666b260}: 'org.slf4j.impl.StaticMDCBinder org.slf4j.impl.StaticMDCBinder.getSingleton()'> (0x000000008666b260) 
thrown [t:\workspace\open\src\hotspot\share\interpreter\linkResolver.cpp, line 790]
Event: 1.769 Thread 0x0000017fbfad6600 Exception <a 'java/lang/ClassNotFoundException'{0x0000000085c328a0}: java/lang/ObjectCustomizer> (0x0000000085c328a0) 
thrown [t:\workspace\open\src\hotspot\share\classfile\systemDictionary.cpp, line 256]
Event: 1.772 Thread 0x0000017fbfad6600 Exception <a 'java/lang/IncompatibleClassChangeError'{0x0000000085c375a0}: Found class java.lang.Object, but interface was expected> (0x0000000085c375a0) 
thrown [t:\workspace\open\src\hotspot\share\interpreter\linkResolver.cpp, line 857]
Event: 1.776 Thread 0x0000017fbfad6600 Exception <a 'java/lang/ClassNotFoundException'{0x0000000085c4cd28}: org/springframework/context/annotation/ConfigurationClassPostProcessorCustomizer> (0x0000000085c4cd28) 
thrown [t:\workspace\open\src\hotspot\share\classfile\systemDictionary.cpp, line 256]
Event: 1.780 Thread 0x0000017fbfad6600 Exception <a 'java/lang/ClassNotFoundException'{0x0000000085b0f370}: org/springframework/beans/factory/support/BeanDefinitionRegistryPostProcessorCustomizer> (0x0000000085b0f370) 
thrown [t:\workspace\open\src\hotspot\share\classfile\systemDictionary.cpp, line 256]
Event: 1.781 Thread 0x0000017fbfad6600 Exception <a 'java/lang/ClassNotFoundException'{0x0000000085b15dc0}: org/springframework/beans/factory/config/BeanFactoryPostProcessorCustomizer> (0x0000000085b15dc0) 
thrown [t:\workspace\open\src\hotspot\share\classfile\systemDictionary.cpp, line 256]
Event: 1.782 Thread 0x0000017fbfad6600 Exception <a 'java/lang/ClassNotFoundException'{0x0000000085b1c300}: org/springframework/core/PriorityOrderedCustomizer> (0x0000000085b1c300) 
thrown [t:\workspace\open\src\hotspot\share\classfile\systemDictionary.cpp, line 256]
Event: 1.783 Thread 0x0000017fbfad6600 Exception <a 'java/lang/ClassNotFoundException'{0x0000000085b21390}: org/springframework/core/OrderedCustomizer> (0x0000000085b21390) 
thrown [t:\workspace\open\src\hotspot\share\classfile\systemDictionary.cpp, line 256]
Event: 1.784 Thread 0x0000017fbfad6600 Exception <a 'java/lang/ClassNotFoundException'{0x0000000085b27840}: org/springframework/context/ResourceLoaderAwareCustomizer> (0x0000000085b27840) 
thrown [t:\workspace\open\src\hotspot\share\classfile\systemDictionary.cpp, line 256]
Event: 1.785 Thread 0x0000017fbfad6600 Exception <a 'java/lang/ClassNotFoundException'{0x0000000085b2dd18}: org/springframework/beans/factory/AwareCustomizer> (0x0000000085b2dd18) 
thrown [t:\workspace\open\src\hotspot\share\classfile\systemDictionary.cpp, line 256]
Event: 1.785 Thread 0x0000017fbfad6600 Exception <a 'java/lang/ClassNotFoundException'{0x0000000085b332f0}: org/springframework/context/ApplicationStartupAwareCustomizer> (0x0000000085b332f0) 
thrown [t:\workspace\open\src\hotspot\share\classfile\systemDictionary.cpp, line 256]
Event: 1.786 Thread 0x0000017fbfad6600 Exception <a 'java/lang/ClassNotFoundException'{0x0000000085b39a40}: org/springframework/beans/factory/AwareCustomizer> (0x0000000085b39a40) 
thrown [t:\workspace\open\src\hotspot\share\classfile\systemDictionary.cpp, line 256]
Event: 1.786 Thread 0x0000017fbfad6600 Exception <a 'java/lang/ClassNotFoundException'{0x0000000085b3f140}: org/springframework/beans/factory/BeanClassLoaderAwareCustomizer> (0x0000000085b3f140) 
thrown [t:\workspace\open\src\hotspot\share\classfile\systemDictionary.cpp, line 256]
Event: 1.787 Thread 0x0000017fbfad6600 Exception <a 'java/lang/ClassNotFoundException'{0x0000000085b45630}: org/springframework/beans/factory/AwareCustomizer> (0x0000000085b45630) 
thrown [t:\workspace\open\src\hotspot\share\classfile\systemDictionary.cpp, line 256]
Event: 1.787 Thread 0x0000017fbfad6600 Exception <a 'java/lang/ClassNotFoundException'{0x0000000085b4a910}: org/springframework/context/EnvironmentAwareCustomizer> (0x0000000085b4a910) 
thrown [t:\workspace\open\src\hotspot\share\classfile\systemDictionary.cpp, line 256]
Event: 1.788 Thread 0x0000017fbfad6600 Exception <a 'java/lang/ClassNotFoundException'{0x0000000085b50d78}: org/springframework/beans/factory/AwareCustomizer> (0x0000000085b50d78) 
thrown [t:\workspace\open\src\hotspot\share\classfile\systemDictionary.cpp, line 256]
Event: 1.913 Thread 0x0000017fbfad9b20 Exception <a 'java/lang/NoSuchMethodError'{0x0000000085212eb0}: 'java.lang.Object java.lang.invoke.DirectMethodHandle$Holder.invokeStaticInit(java.lang.Object, java.lang.Object, java.lang.Object, java.lang.Object, java.lang.Object)'> (0x0000000085212eb0) 
thrown [t:\workspace\open\src\hotspot\share\interpreter\linkResolver.cpp, line 790]
Event: 1.975 Thread 0x0000017fbe418240 Exception <a 'java/lang/reflect/InvocationTargetException'{0x00000000871c3d08}> (0x00000000871c3d08) 
thrown [t:\workspace\open\src\hotspot\share\runtime\reflection.cpp, line 1157]

Events (20 events):
Event: 1.937 loading class com/sun/org/apache/xalan/internal/utils/XMLSecurityManager$Limit
Event: 1.937 loading class com/sun/org/apache/xalan/internal/utils/XMLSecurityManager$Limit done
Event: 1.937 loading class com/sun/org/apache/xalan/internal/utils/XMLSecurityManager$State
Event: 1.937 loading class com/sun/org/apache/xalan/internal/utils/XMLSecurityManager$State done
Event: 1.937 loading class com/sun/org/apache/xalan/internal/utils/XMLSecurityManager$NameMap
Event: 1.937 loading class com/sun/org/apache/xalan/internal/utils/XMLSecurityManager$NameMap done
Event: 1.996 Executing  VM operation: G1CollectForAllocation
Event: 2.005 Executing  VM operation: G1CollectForAllocation done
Event: 2.021 loading class javax/naming/ldap/LdapContext
Event: 2.045 loading class javax/naming/directory/DirContext
Event: 2.054 loading class java/beans/ConstructorProperties
Event: 2.080 loading class java/beans/ConstructorProperties done
Event: 2.080 loading class javax/naming/directory/DirContext done
Event: 2.080 loading class javax/naming/ldap/LdapContext done
Event: 2.092 loading class sun/text/resources/cldr/FormatData_en_US
Event: 2.092 loading class sun/text/resources/cldr/FormatData_en_US done
Event: 2.097 loading class java/io/CharArrayReader
Event: 2.097 loading class java/io/CharArrayReader done
Event: 2.112 loading class java/util/concurrent/atomic/AtomicReference
Event: 2.112 loading class java/util/concurrent/atomic/AtomicReference done


Dynamic libraries:
0x00007ff7aa710000 - 0x00007ff7aa720000 	C:\Program Files\Java\jdk-16.0.1\bin\javaw.exe
0x00007ffb28b00000 - 0x00007ffb28cf0000 	C:\WINDOWS\SYSTEM32\ntdll.dll
0x00007ffb26ed0000 - 0x00007ffb26f82000 	C:\WINDOWS\System32\KERNEL32.DLL
0x00007ffb25a80000 - 0x00007ffb25d25000 	C:\WINDOWS\System32\KERNELBASE.dll
0x00007ffb25ea0000 - 0x00007ffb25f9a000 	C:\WINDOWS\System32\ucrtbase.dll
0x00007ffb18350000 - 0x00007ffb18369000 	C:\Program Files\Java\jdk-16.0.1\bin\VCRUNTIME140.dll
0x00007ffb175e0000 - 0x00007ffb175f8000 	C:\Program Files\Java\jdk-16.0.1\bin\jli.dll
0x00007ffb26e20000 - 0x00007ffb26ec3000 	C:\WINDOWS\System32\ADVAPI32.dll
0x00007ffb27a90000 - 0x00007ffb27b2e000 	C:\WINDOWS\System32\msvcrt.dll
0x00007ffb26be0000 - 0x00007ffb26c77000 	C:\WINDOWS\System32\sechost.dll
0x00007ffb271f0000 - 0x00007ffb2730f000 	C:\WINDOWS\System32\RPCRT4.dll
0x00007ffb26c80000 - 0x00007ffb26e14000 	C:\WINDOWS\System32\USER32.dll
0x00007ffb25de0000 - 0x00007ffb25e01000 	C:\WINDOWS\System32\win32u.dll
0x00007ffb27b30000 - 0x00007ffb27b56000 	C:\WINDOWS\System32\GDI32.dll
0x00007ffb261b0000 - 0x00007ffb26348000 	C:\WINDOWS\System32\gdi32full.dll
0x00007ffb260f0000 - 0x00007ffb2618e000 	C:\WINDOWS\System32\msvcp_win.dll
0x00007ffb1e020000 - 0x00007ffb1e2a4000 	C:\WINDOWS\WinSxS\amd64_microsoft.windows.common-controls_6595b64144ccf1df_6.0.18362.1379_none_9e7ff3b3e45cc0c4\COMCTL32.dll
0x00007ffb28250000 - 0x00007ffb28587000 	C:\WINDOWS\System32\combase.dll
0x00007ffb25e10000 - 0x00007ffb25e91000 	C:\WINDOWS\System32\bcryptPrimitives.dll
0x00007ffb21300000 - 0x00007ffb2130a000 	C:\WINDOWS\SYSTEM32\VERSION.dll
0x00007ffb28610000 - 0x00007ffb2863e000 	C:\WINDOWS\System32\IMM32.DLL
0x00007ffb19f90000 - 0x00007ffb19f9c000 	C:\Program Files\Java\jdk-16.0.1\bin\vcruntime140_1.dll
0x00007ffaf44f0000 - 0x00007ffaf4581000 	C:\Program Files\Java\jdk-16.0.1\bin\msvcp140.dll
0x00007ffac53d0000 - 0x00007ffac5f7b000 	C:\Program Files\Java\jdk-16.0.1\bin\server\jvm.dll
0x00007ffb26bd0000 - 0x00007ffb26bd8000 	C:\WINDOWS\System32\PSAPI.DLL
0x00007ffb244e0000 - 0x00007ffb244e9000 	C:\WINDOWS\SYSTEM32\WSOCK32.dll
0x00007ffb285a0000 - 0x00007ffb2860f000 	C:\WINDOWS\System32\WS2_32.dll
0x00007ffb22f20000 - 0x00007ffb22f44000 	C:\WINDOWS\SYSTEM32\WINMM.dll
0x00007ffb22ef0000 - 0x00007ffb22f1d000 	C:\WINDOWS\SYSTEM32\winmmbase.dll
0x00007ffb26b30000 - 0x00007ffb26b7a000 	C:\WINDOWS\System32\cfgmgr32.dll
0x00007ffb259c0000 - 0x00007ffb259d1000 	C:\WINDOWS\System32\kernel.appcore.dll
0x00007ffb19200000 - 0x00007ffb1920a000 	C:\Program Files\Java\jdk-16.0.1\bin\jimage.dll
0x00007ffb240e0000 - 0x00007ffb242d4000 	C:\WINDOWS\SYSTEM32\DBGHELP.DLL
0x00007ffb1f540000 - 0x00007ffb1f56a000 	C:\WINDOWS\SYSTEM32\dbgcore.DLL
0x00007ffb0e9d0000 - 0x00007ffb0e9f5000 	C:\Program Files\Java\jdk-16.0.1\bin\java.dll
0x00007ffb27b60000 - 0x00007ffb28248000 	C:\WINDOWS\System32\SHELL32.dll
0x00007ffb26f90000 - 0x00007ffb27037000 	C:\WINDOWS\System32\shcore.dll
0x00007ffb263b0000 - 0x00007ffb26b2b000 	C:\WINDOWS\System32\windows.storage.dll
0x00007ffb259e0000 - 0x00007ffb25a03000 	C:\WINDOWS\System32\profapi.dll
0x00007ffb25a10000 - 0x00007ffb25a5a000 	C:\WINDOWS\System32\powrprof.dll
0x00007ffb259b0000 - 0x00007ffb259c0000 	C:\WINDOWS\System32\UMPDC.dll
0x00007ffb286a0000 - 0x00007ffb286f2000 	C:\WINDOWS\System32\shlwapi.dll
0x00007ffb26190000 - 0x00007ffb261a7000 	C:\WINDOWS\System32\cryptsp.dll
0x00007ffb0e9b0000 - 0x00007ffb0e9c9000 	C:\Program Files\Java\jdk-16.0.1\bin\net.dll
0x00007ffb20f10000 - 0x00007ffb21000000 	C:\WINDOWS\SYSTEM32\WINHTTP.dll
0x00007ffb25190000 - 0x00007ffb251f7000 	C:\WINDOWS\system32\mswsock.dll
0x00007ffb0e990000 - 0x00007ffb0e9a3000 	C:\Program Files\Java\jdk-16.0.1\bin\nio.dll
0x00007ffb0c740000 - 0x00007ffb0c758000 	C:\Program Files\Java\jdk-16.0.1\bin\zip.dll
0x00007ffb20b80000 - 0x00007ffb20b89000 	C:\Program Files\Java\jdk-16.0.1\bin\management.dll
0x00007ffb20b70000 - 0x00007ffb20b7b000 	C:\Program Files\Java\jdk-16.0.1\bin\management_ext.dll
0x00007ffb1ea10000 - 0x00007ffb1ea26000 	C:\WINDOWS\system32\napinsp.dll
0x00007ffb1e800000 - 0x00007ffb1e81a000 	C:\WINDOWS\system32\pnrpnsp.dll
0x00007ffb24f30000 - 0x00007ffb24ffb000 	C:\WINDOWS\SYSTEM32\DNSAPI.dll
0x00007ffb287b0000 - 0x00007ffb287b8000 	C:\WINDOWS\System32\NSI.dll
0x00007ffb24ea0000 - 0x00007ffb24eda000 	C:\WINDOWS\SYSTEM32\IPHLPAPI.DLL
0x00007ffb1f8c0000 - 0x00007ffb1f8ce000 	C:\WINDOWS\System32\winrnr.dll
0x00007ffb204e0000 - 0x00007ffb204fc000 	C:\WINDOWS\system32\NLAapi.dll
0x00007ffb1dea0000 - 0x00007ffb1deb5000 	C:\WINDOWS\system32\wshbth.dll
0x00007ffb1c6c0000 - 0x00007ffb1c6ca000 	C:\Windows\System32\rasadhlp.dll
0x00007ffb1ca70000 - 0x00007ffb1cae7000 	C:\WINDOWS\System32\fwpuclnt.dll
0x00007ffb26b80000 - 0x00007ffb26ba6000 	C:\WINDOWS\System32\bcrypt.dll
0x00007ffb24d10000 - 0x00007ffb24d43000 	C:\WINDOWS\system32\rsaenh.dll
0x00007ffb25890000 - 0x00007ffb258b5000 	C:\WINDOWS\SYSTEM32\USERENV.dll
0x00007ffb25360000 - 0x00007ffb2536c000 	C:\WINDOWS\SYSTEM32\CRYPTBASE.dll
0x00007ffb1e7e0000 - 0x00007ffb1e7f6000 	C:\WINDOWS\SYSTEM32\dhcpcsvc6.DLL
0x00007ffb1f2c0000 - 0x00007ffb1f2dc000 	C:\WINDOWS\SYSTEM32\dhcpcsvc.DLL
0x00007ffb0fca0000 - 0x00007ffb0fcb0000 	C:\Program Files\Java\jdk-16.0.1\bin\verify.dll

dbghelp: loaded successfully - version: 4.0.5 - missing functions: none
symbol engine: initialized successfully - sym options: 0x614 - pdb path: .;C:\Program Files\Java\jdk-16.0.1\bin;C:\WINDOWS\SYSTEM32;C:\WINDOWS\WinSxS\amd64_microsoft.windows.common-controls_6595b64144ccf1df_6.0.18362.1379_none_9e7ff3b3e45cc0c4;C:\Program Files\Java\jdk-16.0.1\bin\server

VM Arguments:
jvm_args: -Dcom.sun.management.jmxremote -Dcom.sun.management.jmxremote.port=64596 -Dcom.sun.management.jmxremote.authenticate=false -Dcom.sun.management.jmxremote.ssl=false -Djava.rmi.server.hostname=localhost -Dspring.jmx.enabled=true -Dspring.application.admin.enabled=true -XX:TieredStopAtLevel=1 -Dspring.boot.project.name=Foody -Dfile.encoding=UTF-8 -XX:+ShowCodeDetailsInExceptionMessages 
java_command: com.example.demo.FoodyApplication
java_class_path (initial): C:\Users\HP\eclipse-workspace\Foody\target\classes;C:\Users\HP\.m2\repository\org\springframework\boot\spring-boot-starter-data-jpa\2.5.0\spring-boot-starter-data-jpa-2.5.0.jar;C:\Users\HP\.m2\repository\org\springframework\boot\spring-boot-starter-aop\2.5.0\spring-boot-starter-aop-2.5.0.jar;C:\Users\HP\.m2\repository\org\aspectj\aspectjweaver\1.9.6\aspectjweaver-1.9.6.jar;C:\Users\HP\.m2\repository\org\springframework\boot\spring-boot-starter-jdbc\2.5.0\spring-boot-starter-jdbc-2.5.0.jar;C:\Users\HP\.m2\repository\com\zaxxer\HikariCP\4.0.3\HikariCP-4.0.3.jar;C:\Users\HP\.m2\repository\org\springframework\spring-jdbc\5.3.7\spring-jdbc-5.3.7.jar;C:\Users\HP\.m2\repository\jakarta\transaction\jakarta.transaction-api\1.3.3\jakarta.transaction-api-1.3.3.jar;C:\Users\HP\.m2\repository\jakarta\persistence\jakarta.persistence-api\2.2.3\jakarta.persistence-api-2.2.3.jar;C:\Users\HP\.m2\repository\org\hibernate\hibernate-core\5.4.31.Final\hibernate-core-5.4.31.Final.jar;C:\Users\HP\.m2\repository\org\jboss\logging\jboss-logging\3.4.1.Final\jboss-logging-3.4.1.Final.jar;C:\Users\HP\.m2\repository\org\javassist\javassist\3.27.0-GA\javassist-3.27.0-GA.jar;C:\Users\HP\.m2\repository\net\bytebuddy\byte-buddy\1.10.22\byte-buddy-1.10.22.jar;C:\Users\HP\.m2\repository\antlr\antlr\2.7.7\antlr-2.7.7.jar;C:\Users\HP\.m2\repository\org\jboss\jandex\2.2.3.Final\jandex-2.2.3.Final.jar;C:\Users\HP\.m2\repository\com\fasterxml\classmate\1.5.1\classmate-1.5.1.jar;C:\Users\HP\.m2\repository\org\dom4j\dom4j\2.1.3\dom4j-2.1.3.jar;C:\Users\HP\.m2\repository\org\hibernate\common\hibernate-commons-annotations\5.1.2.Final\hibernate-commons-annotations-5.1.2.Final.jar;C:\Users\HP\.m2\repository\org\glassfish\jaxb\jaxb-runtime\2.3.4\jaxb-runtime-2.3.4.jar;C:\Users\HP\.m2\repository\org\glassfish\jaxb\txw2\2.3.4\txw2-2.3.4.jar;C:\Users\HP\.m2\repository\com\sun\istack\istack-commons-runtime\3.0.12\istack-commons-runtime-3.0.12.jar;C:\Users\HP\.m2\repository\org\springframe
Launcher Type: SUN_STANDARD

[Global flags]
     intx CICompilerCount                          = 3                                         {product} {ergonomic}
     uint ConcGCThreads                            = 1                                         {product} {ergonomic}
     uint G1ConcRefinementThreads                  = 4                                         {product} {ergonomic}
   size_t G1HeapRegionSize                         = 1048576                                   {product} {ergonomic}
    uintx GCDrainStackTargetSize                   = 64                                        {product} {ergonomic}
   size_t InitialHeapSize                          = 134217728                                 {product} {ergonomic}
     bool ManagementServer                         = true                                      {product} {command line}
   size_t MarkStackSize                            = 4194304                                   {product} {ergonomic}
   size_t MaxHeapSize                              = 2120220672                                {product} {ergonomic}
   size_t MaxNewSize                               = 1271922688                                {product} {ergonomic}
   size_t MinHeapDeltaBytes                        = 1048576                                   {product} {ergonomic}
   size_t MinHeapSize                              = 8388608                                   {product} {ergonomic}
    uintx NonNMethodCodeHeapSize                   = 6973028                                {pd product} {ergonomic}
    uintx NonProfiledCodeHeapSize                  = 244685212                              {pd product} {ergonomic}
    uintx ProfiledCodeHeapSize                     = 0                                      {pd product} {ergonomic}
    uintx ReservedCodeCacheSize                    = 251658240                              {pd product} {ergonomic}
     bool SegmentedCodeCache                       = true                                      {product} {ergonomic}
     bool ShowCodeDetailsInExceptionMessages       = true                                   {manageable} {command line}
   size_t SoftMaxHeapSize                          = 2120220672                             {manageable} {ergonomic}
     intx TieredStopAtLevel                        = 1                                         {product} {command line}
     bool UseCompressedClassPointers               = true                           {product lp64_product} {ergonomic}
     bool UseCompressedOops                        = true                           {product lp64_product} {ergonomic}
     bool UseG1GC                                  = true                                      {product} {ergonomic}
     bool UseLargePagesIndividualAllocation        = false                                  {pd product} {ergonomic}

Logging:
Log output configuration:
 #0: stdout all=warning uptime,level,tags
 #1: stderr all=off uptime,level,tags

Environment Variables:
JAVA_HOME=C:\Program Files\Java\jdk-16.0.1
PATH=C:\Program Files\Common Files\Oracle\Java\javapath;C:\WINDOWS\system32;C:\WINDOWS;C:\WINDOWS\System32\Wbem;C:\WINDOWS\System32\WindowsPowerShell\v1.0\;C:\WINDOWS\System32\OpenSSH\;C:\Users\HP\.jdks;C:\Program Files\Java\jdk-16.0.1\bin;C:\Program Files\Git\cmd;C:\Program Files\MySQL\MySQL Shell 8.0\bin\;C:\Users\HP\AppData\Local\Microsoft\WindowsApps;C:\Users\HP\.jdks;;C:\Program Files\JetBrains\IntelliJ IDEA Community Edition 2021.1\bin;;C:\Users\HP\AppData\Local\Programs\Microsoft VS Code\bin
USERNAME=HP
OS=Windows_NT
PROCESSOR_IDENTIFIER=Intel64 Family 6 Model 78 Stepping 3, GenuineIntel



---------------  S Y S T E M  ---------------

OS:
 Windows 10 , 64 bit Build 18362 (10.0.18362.1350)
OS uptime: 10 days 19:55 hours

CPU: total 4 (initial active 4) (2 cores per cpu, 2 threads per core) family 6 model 78 stepping 3 microcode 0xd6, cx8, cmov, fxsr, ht, mmx, 3dnowpref, sse, sse2, sse3, ssse3, sse4.1, sse4.2, popcnt, lzcnt, tsc, tscinvbit, avx, avx2, aes, erms, clmul, bmi1, bmi2, adx, fma, vzeroupper, clflush, clflushopt

Memory: 4k page, system-wide physical 8083M (1010M free)
TotalPageFile size 17914M (AvailPageFile size 4M)
current process WorkingSet (physical memory assigned to process): 155M, peak: 155M
current process commit charge ("private bytes"): 234M, peak: 234M

vm_info: Java HotSpot(TM) 64-Bit Server VM (16.0.1+9-24) for windows-amd64 JRE (16.0.1+9-24), built on Mar 26 2021 19:31:42 by "mach5one" with MS VC++ 16.7 (VS2019)

END.
